1;1767451187;gate=lower
2;1767451188;gate=lower
3;1767451188;gate=lower
4;1767451188;gate=lower
5;1767451189;gate=lower
6;1767451190;gate=lower
7;1767451189;gate=lower
8;1767451190;gate=lower
9;1767451190;gate=lower
10;1767451191;gate=lower
1;1767451207;gate=lower
2;1767451207;gate=lower
3;1767451207;gate=lower
4;1767451208;gate=lower
5;1767451208;gate=lower
6;1767451209;gate=lower
7;1767451209;gate=lower
8;1767451209;gate=lower
9;1767451210;gate=lower
1;1767455326;gate=lower
2;1767455327;gate=lower
3;1767455328;gate=lower
4;1767455328;gate=lower
5;1767455328;gate=lower
6;1767455329;gate=lower
7;1767455330;gate=lower
8;1767455330;gate=lower
1;1767455371;gate=lower
2;1767455371;gate=lower
3;1767455372;gate=lower
4;1767455372;gate=lower
5;1767455372;gate=lower
6;1767455373;gate=lower
7;1767455373;gate=lower
8;1767455374;gate=lower
1;1767455422;gate=lower
2;1767455423;gate=lower
3;1767455423;gate=lower
4;1767455423;gate=lower
5;1767455424;gate=lower
6;1767455424;gate=lower
7;1767455425;gate=lower
8;1767455426;gate=lower
9;1767455426;gate=lower
1;1767455560;gate=lower
2;1767455560;gate=lower
3;1767455561;gate=lower
4;1767455561;gate=lower
5;1767455562;gate=lower
6;1767455562;gate=lower
7;1767455563;gate=lower
8;1767455563;gate=lower
9;1767455563;gate=lower
1;1767455602;gate=lower
2;1767455602;gate=lower
3;1767455603;gate=lower
4;1767455603;gate=lower
5;1767455604;gate=lower
6;1767455605;gate=lower
7;1767455605;gate=lower
8;1767455606;gate=lower
9;1767455606;gate=lower
1;1767455649;gate=lower
2;1767455650;gate=lower
3;1767455651;gate=lower
4;1767455651;gate=lower
5;1767455651;gate=lower
6;1767455651;gate=lower
7;1767455651;gate=lower
8;1767455652;gate=lower
9;1767455652;gate=lower
10;1767455653;gate=lower
11;1767455653;gate=lower
1;1767456063;gate=lower
2;1767456064;gate=lower
3;1767456064;gate=lower
4;1767456065;gate=lower
5;1767456065;gate=lower
6;1767456066;gate=lower
1;1767456204;gate=lower
2;1767456204;gate=lower
3;1767456204;gate=lower
4;1767456205;gate=lower
5;1767456205;gate=lower
6;1767456206;gate=lower
7;1767456206;gate=lower
8;1767456207;gate=lower
1;1767456228;gate=lower
2;1767456229;gate=lower
3;1767456229;gate=lower
4;1767456230;gate=lower
5;1767456230;gate=lower
6;1767456231;gate=lower
1;1767456277;gate=lower
2;1767456277;gate=lower
3;1767456278;gate=lower
4;1767456278;gate=lower
5;1767456278;gate=lower
6;1767456279;gate=lower
7;1767456279;gate=lower
8;1767456280;gate=lower
9;1767456280;gate=lower
10;1767456280;gate=lower
1;1767456348;gate=lower
2;1767456349;gate=lower
3;1767456350;gate=lower
4;1767456351;gate=lower
5;1767456351;gate=lower
6;1767456352;gate=lower
1;1767459161;gate=lower
2;1767459161;gate=lower
3;1767459161;gate=lower
4;1767459162;gate=lower
5;1767459162;gate=lower
6;1767459163;gate=lower
7;1767459164;gate=lower
8;1767459164;gate=lower
1;1767473735;gate=lower
2;1767473736;gate=lower
3;1767473737;gate=lower
4;1767473737;gate=lower
5;1767473738;gate=lower
6;1767473738;gate=lower
