2;1767455329;gate=platform
1;1767455329;gate=platform
3;1767455329;gate=platform
4;1767455329;gate=platform
5;1767455331;gate=platform
6;1767455331;gate=platform
2;1767455372;gate=platform
1;1767455372;gate=platform
4;1767455374;gate=platform
3;1767455374;gate=platform
5;1767455374;gate=platform
7;1767455374;gate=platform
4;1767455425;gate=platform
2;1767455425;gate=platform
1;1767455425;gate=platform
5;1767455425;gate=platform
6;1767455426;gate=platform
7;1767455426;gate=platform
9;1767455427;gate=platform
8;1767455427;gate=platform
4;1767455563;gate=platform
2;1767455563;gate=platform
1;1767455563;gate=platform
6;1767455563;gate=platform
3;1767455563;gate=platform
7;1767455565;gate=platform
8;1767455565;gate=platform
5;1767455565;gate=platform
9;1767455565;gate=platform
2;1767455605;gate=platform
3;1767455605;gate=platform
4;1767455606;gate=platform
7;1767455606;gate=platform
8;1767455607;gate=platform
5;1767455607;gate=platform
6;1767455608;gate=platform
9;1767455608;gate=platform
1;1767455651;gate=platform
5;1767455651;gate=platform
2;1767455652;gate=platform
6;1767455652;gate=platform
4;1767455652;gate=platform
3;1767456230;gate=platform
1;1767456230;gate=platform
6;1767456231;gate=platform
2;1767456231;gate=platform
4;1767456231;gate=platform
5;1767456231;gate=platform
2;1767456279;gate=platform
1;1767456279;gate=platform
3;1767456280;gate=platform
6;1767456280;gate=platform
5;1767456281;gate=platform
4;1767456281;gate=platform
7;1767456281;gate=platform
3;1767456351;gate=platform
1;1767456351;gate=platform
3;1767459163;gate=platform
1;1767459163;gate=platform
2;1767459163;gate=platform
4;1767459164;gate=platform
5;1767459164;gate=platform
1;1767473737;gate=platform
2;1767473737;gate=platform
